<?xml version="1.0" encoding="UTF-8"?>
<!-- Generated by org.testng.reporters.JUnitReportReporter -->
<testsuite hostname="hell" name="com.ardublock.MainTest" tests="2" failures="0" timestamp="12 Feb 2018 20:16:17 GMT" time="0,002" errors="0">
  <testcase name="testFiles" time="0,001" classname="com.ardublock.MainTest"/>
  <testcase name="testSingleLoop" time="0,001" classname="com.ardublock.MainTest"/>
</testsuite>
