<?xml version="1.0" encoding="UTF-8"?>
<!-- Generated by org.testng.reporters.JUnitReportReporter -->
<testsuite hostname="DESKTOP-A2QDND5" name="com.ardublock.MainTest" tests="2" failures="0" timestamp="7 Jan 2019 23:11:24 GMT" time="0,000" errors="0">
  <testcase name="testSingleLoop" time="0,000" classname="com.ardublock.MainTest"/>
  <testcase name="testFiles" time="0,000" classname="com.ardublock.MainTest"/>
</testsuite>
